2019-07-11T21:26:14: (node:133) DeprecationWarning: current URL string parser is deprecated, and will be removed in a future version. To use the new parser, pass option { useNewUrlParser: true } to MongoClient.connect.
2019-07-11T21:26:14: (node:133) DeprecationWarning: collection.ensureIndex is deprecated. Use createIndexes instead.
2019-07-11T21:26:40: RangeError [ERR_HTTP_INVALID_STATUS_CODE]: Invalid status code: undefined
2019-07-11T21:26:40:     at ServerResponse.writeHead (_http_server.js:209:11)
2019-07-11T21:26:40:     at ServerResponse._implicitHeader (_http_server.js:200:8)
2019-07-11T21:26:40:     at write_ (_http_outgoing.js:585:9)
2019-07-11T21:26:40:     at ServerResponse.end (_http_outgoing.js:702:5)
2019-07-11T21:26:40:     at ServerResponse.send (/awesome-api/node_modules/express/lib/response.js:221:10)
2019-07-11T21:26:40:     at ServerResponse.json (/awesome-api/node_modules/express/lib/response.js:267:15)
2019-07-11T21:26:40:     at ServerResponse.send (/awesome-api/node_modules/express/lib/response.js:158:21)
2019-07-11T21:26:40:     at eval (webpack:///./src/router/userRouter.ts?:25:45)
2019-07-11T21:26:40:     at _rejected (/awesome-api/node_modules/q/q.js:864:24)
2019-07-11T21:26:40:     at /awesome-api/node_modules/q/q.js:890:30
2019-07-11T21:26:40:     at Promise.when (/awesome-api/node_modules/q/q.js:1142:31)
2019-07-11T21:26:40:     at Promise.promise.promiseDispatch (/awesome-api/node_modules/q/q.js:808:41)
2019-07-11T21:26:40:     at /awesome-api/node_modules/q/q.js:624:44
2019-07-11T21:26:40:     at runSingle (/awesome-api/node_modules/q/q.js:137:13)
2019-07-11T21:26:40:     at flush (/awesome-api/node_modules/q/q.js:125:13)
2019-07-11T21:26:40:     at process._tickCallback (internal/process/next_tick.js:61:11)
2019-07-11T21:27:28: (node:155) DeprecationWarning: current URL string parser is deprecated, and will be removed in a future version. To use the new parser, pass option { useNewUrlParser: true } to MongoClient.connect.
2019-07-11T21:27:29: (node:155) DeprecationWarning: collection.ensureIndex is deprecated. Use createIndexes instead.
2019-07-11T21:27:35: RangeError [ERR_HTTP_INVALID_STATUS_CODE]: Invalid status code: undefined
2019-07-11T21:27:35:     at ServerResponse.writeHead (_http_server.js:209:11)
2019-07-11T21:27:35:     at ServerResponse._implicitHeader (_http_server.js:200:8)
2019-07-11T21:27:35:     at write_ (_http_outgoing.js:585:9)
2019-07-11T21:27:35:     at ServerResponse.end (_http_outgoing.js:702:5)
2019-07-11T21:27:35:     at ServerResponse.send (/awesome-api/node_modules/express/lib/response.js:221:10)
2019-07-11T21:27:35:     at ServerResponse.json (/awesome-api/node_modules/express/lib/response.js:267:15)
2019-07-11T21:27:35:     at ServerResponse.send (/awesome-api/node_modules/express/lib/response.js:158:21)
2019-07-11T21:27:35:     at eval (webpack:///./src/router/userRouter.ts?:25:45)
2019-07-11T21:27:35:     at _rejected (/awesome-api/node_modules/q/q.js:864:24)
2019-07-11T21:27:35:     at /awesome-api/node_modules/q/q.js:890:30
2019-07-11T21:27:35:     at Promise.when (/awesome-api/node_modules/q/q.js:1142:31)
2019-07-11T21:27:35:     at Promise.promise.promiseDispatch (/awesome-api/node_modules/q/q.js:808:41)
2019-07-11T21:27:35:     at /awesome-api/node_modules/q/q.js:624:44
2019-07-11T21:27:35:     at runSingle (/awesome-api/node_modules/q/q.js:137:13)
2019-07-11T21:27:35:     at flush (/awesome-api/node_modules/q/q.js:125:13)
2019-07-11T21:27:35:     at process._tickCallback (internal/process/next_tick.js:61:11)
2019-07-11T21:28:32: (node:195) DeprecationWarning: current URL string parser is deprecated, and will be removed in a future version. To use the new parser, pass option { useNewUrlParser: true } to MongoClient.connect.
2019-07-11T21:28:32: (node:195) DeprecationWarning: collection.ensureIndex is deprecated. Use createIndexes instead.
2019-07-11T21:28:43: RangeError [ERR_HTTP_INVALID_STATUS_CODE]: Invalid status code: undefined
2019-07-11T21:28:43:     at ServerResponse.writeHead (_http_server.js:209:11)
2019-07-11T21:28:43:     at ServerResponse._implicitHeader (_http_server.js:200:8)
2019-07-11T21:28:43:     at write_ (_http_outgoing.js:585:9)
2019-07-11T21:28:43:     at ServerResponse.end (_http_outgoing.js:702:5)
2019-07-11T21:28:43:     at ServerResponse.send (/awesome-api/node_modules/express/lib/response.js:221:10)
2019-07-11T21:28:43:     at ServerResponse.json (/awesome-api/node_modules/express/lib/response.js:267:15)
2019-07-11T21:28:43:     at ServerResponse.send (/awesome-api/node_modules/express/lib/response.js:158:21)
2019-07-11T21:28:43:     at eval (webpack:///./src/router/userRouter.ts?:25:45)
2019-07-11T21:28:43:     at _rejected (/awesome-api/node_modules/q/q.js:864:24)
2019-07-11T21:28:43:     at /awesome-api/node_modules/q/q.js:890:30
2019-07-11T21:28:43:     at Promise.when (/awesome-api/node_modules/q/q.js:1142:31)
2019-07-11T21:28:43:     at Promise.promise.promiseDispatch (/awesome-api/node_modules/q/q.js:808:41)
2019-07-11T21:28:43:     at /awesome-api/node_modules/q/q.js:624:44
2019-07-11T21:28:43:     at runSingle (/awesome-api/node_modules/q/q.js:137:13)
2019-07-11T21:28:43:     at flush (/awesome-api/node_modules/q/q.js:125:13)
2019-07-11T21:28:43:     at process._tickCallback (internal/process/next_tick.js:61:11)
2019-07-11T21:29:22: (node:215) DeprecationWarning: current URL string parser is deprecated, and will be removed in a future version. To use the new parser, pass option { useNewUrlParser: true } to MongoClient.connect.
2019-07-11T21:29:22: (node:215) DeprecationWarning: collection.ensureIndex is deprecated. Use createIndexes instead.
2019-07-11T21:29:54: (node:235) DeprecationWarning: current URL string parser is deprecated, and will be removed in a future version. To use the new parser, pass option { useNewUrlParser: true } to MongoClient.connect.
2019-07-11T21:29:54: (node:235) DeprecationWarning: collection.ensureIndex is deprecated. Use createIndexes instead.
2019-07-11T21:30:02: RangeError [ERR_HTTP_INVALID_STATUS_CODE]: Invalid status code: undefined
2019-07-11T21:30:02:     at ServerResponse.writeHead (_http_server.js:209:11)
2019-07-11T21:30:02:     at ServerResponse._implicitHeader (_http_server.js:200:8)
2019-07-11T21:30:02:     at write_ (_http_outgoing.js:585:9)
2019-07-11T21:30:02:     at ServerResponse.end (_http_outgoing.js:702:5)
2019-07-11T21:30:02:     at ServerResponse.send (/awesome-api/node_modules/express/lib/response.js:221:10)
2019-07-11T21:30:02:     at ServerResponse.json (/awesome-api/node_modules/express/lib/response.js:267:15)
2019-07-11T21:30:02:     at ServerResponse.send (/awesome-api/node_modules/express/lib/response.js:158:21)
2019-07-11T21:30:02:     at eval (webpack:///./src/router/userRouter.ts?:25:45)
2019-07-11T21:30:02:     at _rejected (/awesome-api/node_modules/q/q.js:864:24)
2019-07-11T21:30:02:     at /awesome-api/node_modules/q/q.js:890:30
2019-07-11T21:30:02:     at Promise.when (/awesome-api/node_modules/q/q.js:1142:31)
2019-07-11T21:30:02:     at Promise.promise.promiseDispatch (/awesome-api/node_modules/q/q.js:808:41)
2019-07-11T21:30:02:     at /awesome-api/node_modules/q/q.js:624:44
2019-07-11T21:30:02:     at runSingle (/awesome-api/node_modules/q/q.js:137:13)
2019-07-11T21:30:02:     at flush (/awesome-api/node_modules/q/q.js:125:13)
2019-07-11T21:30:02:     at process._tickCallback (internal/process/next_tick.js:61:11)
2019-07-11T21:30:35: (node:255) DeprecationWarning: current URL string parser is deprecated, and will be removed in a future version. To use the new parser, pass option { useNewUrlParser: true } to MongoClient.connect.
2019-07-11T21:30:35: (node:255) DeprecationWarning: collection.ensureIndex is deprecated. Use createIndexes instead.
2019-07-11T21:30:45: =====> { MongoError: E11000 duplicate key error collection: awesomeDB.users index: email_1 dup key: { : "commando@commando.com" }
2019-07-11T21:30:45:     at Function.create (/awesome-api/node_modules/mongodb-core/lib/error.js:43:12)
2019-07-11T21:30:45:     at toError (/awesome-api/node_modules/mongodb/lib/utils.js:149:22)
2019-07-11T21:30:45:     at coll.s.topology.insert (/awesome-api/node_modules/mongodb/lib/operations/collection_ops.js:859:39)
2019-07-11T21:30:45:     at /awesome-api/node_modules/mongodb-core/lib/connection/pool.js:397:18
2019-07-11T21:30:45:     at process._tickCallback (internal/process/next_tick.js:61:11)
2019-07-11T21:30:45:   driver: true,
2019-07-11T21:30:45:   name: 'MongoError',
2019-07-11T21:30:45:   index: 0,
2019-07-11T21:30:45:   code: 11000,
2019-07-11T21:30:45:   errmsg:
2019-07-11T21:30:45:    'E11000 duplicate key error collection: awesomeDB.users index: email_1 dup key: { : "commando@commando.com" }',
2019-07-11T21:30:45:   [Symbol(mongoErrorContextSymbol)]: {} }
2019-07-11T21:30:45: RangeError [ERR_HTTP_INVALID_STATUS_CODE]: Invalid status code: undefined
2019-07-11T21:30:45:     at ServerResponse.writeHead (_http_server.js:209:11)
2019-07-11T21:30:45:     at ServerResponse._implicitHeader (_http_server.js:200:8)
2019-07-11T21:30:45:     at write_ (_http_outgoing.js:585:9)
2019-07-11T21:30:45:     at ServerResponse.end (_http_outgoing.js:702:5)
2019-07-11T21:30:45:     at ServerResponse.send (/awesome-api/node_modules/express/lib/response.js:221:10)
2019-07-11T21:30:45:     at ServerResponse.json (/awesome-api/node_modules/express/lib/response.js:267:15)
2019-07-11T21:30:45:     at ServerResponse.send (/awesome-api/node_modules/express/lib/response.js:158:21)
2019-07-11T21:30:45:     at eval (webpack:///./src/router/userRouter.ts?:25:45)
2019-07-11T21:30:45:     at _rejected (/awesome-api/node_modules/q/q.js:864:24)
2019-07-11T21:30:45:     at /awesome-api/node_modules/q/q.js:890:30
2019-07-11T21:30:45:     at Promise.when (/awesome-api/node_modules/q/q.js:1142:31)
2019-07-11T21:30:45:     at Promise.promise.promiseDispatch (/awesome-api/node_modules/q/q.js:808:41)
2019-07-11T21:30:45:     at /awesome-api/node_modules/q/q.js:624:44
2019-07-11T21:30:45:     at runSingle (/awesome-api/node_modules/q/q.js:137:13)
2019-07-11T21:30:45:     at flush (/awesome-api/node_modules/q/q.js:125:13)
2019-07-11T21:30:45:     at process._tickCallback (internal/process/next_tick.js:61:11)
2019-07-11T21:32:02: (node:275) DeprecationWarning: current URL string parser is deprecated, and will be removed in a future version. To use the new parser, pass option { useNewUrlParser: true } to MongoClient.connect.
2019-07-11T21:32:02: (node:275) DeprecationWarning: collection.ensureIndex is deprecated. Use createIndexes instead.
2019-07-11T21:32:51: (node:311) DeprecationWarning: current URL string parser is deprecated, and will be removed in a future version. To use the new parser, pass option { useNewUrlParser: true } to MongoClient.connect.
2019-07-11T21:32:51: (node:311) DeprecationWarning: collection.ensureIndex is deprecated. Use createIndexes instead.
2019-07-11T21:32:59: RangeError [ERR_HTTP_INVALID_STATUS_CODE]: Invalid status code: undefined
2019-07-11T21:32:59:     at ServerResponse.writeHead (_http_server.js:209:11)
2019-07-11T21:32:59:     at ServerResponse._implicitHeader (_http_server.js:200:8)
2019-07-11T21:32:59:     at write_ (_http_outgoing.js:585:9)
2019-07-11T21:32:59:     at ServerResponse.end (_http_outgoing.js:702:5)
2019-07-11T21:32:59:     at ServerResponse.send (/awesome-api/node_modules/express/lib/response.js:221:10)
2019-07-11T21:32:59:     at ServerResponse.json (/awesome-api/node_modules/express/lib/response.js:267:15)
2019-07-11T21:32:59:     at ServerResponse.send (/awesome-api/node_modules/express/lib/response.js:158:21)
2019-07-11T21:32:59:     at eval (webpack:///./src/router/userRouter.ts?:25:45)
2019-07-11T21:32:59:     at _rejected (/awesome-api/node_modules/q/q.js:864:24)
2019-07-11T21:32:59:     at /awesome-api/node_modules/q/q.js:890:30
2019-07-11T21:32:59:     at Promise.when (/awesome-api/node_modules/q/q.js:1142:31)
2019-07-11T21:32:59:     at Promise.promise.promiseDispatch (/awesome-api/node_modules/q/q.js:808:41)
2019-07-11T21:32:59:     at /awesome-api/node_modules/q/q.js:624:44
2019-07-11T21:32:59:     at runSingle (/awesome-api/node_modules/q/q.js:137:13)
2019-07-11T21:32:59:     at flush (/awesome-api/node_modules/q/q.js:125:13)
2019-07-11T21:32:59:     at process._tickCallback (internal/process/next_tick.js:61:11)
2019-07-11T21:35:21: (node:323) DeprecationWarning: current URL string parser is deprecated, and will be removed in a future version. To use the new parser, pass option { useNewUrlParser: true } to MongoClient.connect.
2019-07-11T21:35:21: (node:323) DeprecationWarning: collection.ensureIndex is deprecated. Use createIndexes instead.
2019-07-11T21:36:47: (node:343) DeprecationWarning: current URL string parser is deprecated, and will be removed in a future version. To use the new parser, pass option { useNewUrlParser: true } to MongoClient.connect.
2019-07-11T21:36:47: (node:343) DeprecationWarning: collection.ensureIndex is deprecated. Use createIndexes instead.
2019-07-11T21:37:08: =======> { MongoError: E11000 duplicate key error collection: awesomeDB.users index: email_1 dup key: { : "commando@commando.com" }
2019-07-11T21:37:08:     at Function.create (/awesome-api/node_modules/mongodb-core/lib/error.js:43:12)
2019-07-11T21:37:08:     at toError (/awesome-api/node_modules/mongodb/lib/utils.js:149:22)
2019-07-11T21:37:08:     at coll.s.topology.insert (/awesome-api/node_modules/mongodb/lib/operations/collection_ops.js:859:39)
2019-07-11T21:37:08:     at /awesome-api/node_modules/mongodb-core/lib/connection/pool.js:397:18
2019-07-11T21:37:08:     at process._tickCallback (internal/process/next_tick.js:61:11)
2019-07-11T21:37:08:   driver: true,
2019-07-11T21:37:08:   name: 'MongoError',
2019-07-11T21:37:08:   index: 0,
2019-07-11T21:37:08:   code: 11000,
2019-07-11T21:37:08:   errmsg:
2019-07-11T21:37:08:    'E11000 duplicate key error collection: awesomeDB.users index: email_1 dup key: { : "commando@commando.com" }',
2019-07-11T21:37:08:   [Symbol(mongoErrorContextSymbol)]: {} }
2019-07-11T21:38:18: (node:363) DeprecationWarning: current URL string parser is deprecated, and will be removed in a future version. To use the new parser, pass option { useNewUrlParser: true } to MongoClient.connect.
2019-07-11T21:38:19: (node:363) DeprecationWarning: collection.ensureIndex is deprecated. Use createIndexes instead.
2019-07-11T21:39:38: (node:383) DeprecationWarning: current URL string parser is deprecated, and will be removed in a future version. To use the new parser, pass option { useNewUrlParser: true } to MongoClient.connect.
2019-07-11T21:39:38: (node:383) DeprecationWarning: collection.ensureIndex is deprecated. Use createIndexes instead.
2019-07-11T21:41:53: (node:395) DeprecationWarning: current URL string parser is deprecated, and will be removed in a future version. To use the new parser, pass option { useNewUrlParser: true } to MongoClient.connect.
2019-07-11T21:41:53: (node:395) DeprecationWarning: collection.ensureIndex is deprecated. Use createIndexes instead.
2019-07-11T21:42:04: (node:407) DeprecationWarning: current URL string parser is deprecated, and will be removed in a future version. To use the new parser, pass option { useNewUrlParser: true } to MongoClient.connect.
2019-07-11T21:42:05: (node:407) DeprecationWarning: collection.ensureIndex is deprecated. Use createIndexes instead.
2019-07-11T21:48:20: (node:427) DeprecationWarning: current URL string parser is deprecated, and will be removed in a future version. To use the new parser, pass option { useNewUrlParser: true } to MongoClient.connect.
2019-07-11T21:48:21: (node:427) DeprecationWarning: collection.ensureIndex is deprecated. Use createIndexes instead.
2019-07-11T21:53:51: (node:463) DeprecationWarning: current URL string parser is deprecated, and will be removed in a future version. To use the new parser, pass option { useNewUrlParser: true } to MongoClient.connect.
2019-07-11T21:53:51: (node:463) DeprecationWarning: collection.ensureIndex is deprecated. Use createIndexes instead.
2019-07-11T21:54:13: (node:483) DeprecationWarning: current URL string parser is deprecated, and will be removed in a future version. To use the new parser, pass option { useNewUrlParser: true } to MongoClient.connect.
2019-07-11T21:54:13: (node:483) DeprecationWarning: collection.ensureIndex is deprecated. Use createIndexes instead.
2019-07-11T21:54:29: (node:503) DeprecationWarning: current URL string parser is deprecated, and will be removed in a future version. To use the new parser, pass option { useNewUrlParser: true } to MongoClient.connect.
2019-07-11T21:54:29: (node:503) DeprecationWarning: collection.ensureIndex is deprecated. Use createIndexes instead.
2019-07-11T21:58:43: (node:515) DeprecationWarning: current URL string parser is deprecated, and will be removed in a future version. To use the new parser, pass option { useNewUrlParser: true } to MongoClient.connect.
2019-07-11T21:58:43: (node:515) DeprecationWarning: collection.ensureIndex is deprecated. Use createIndexes instead.
2019-07-11T21:59:03: (node:527) DeprecationWarning: current URL string parser is deprecated, and will be removed in a future version. To use the new parser, pass option { useNewUrlParser: true } to MongoClient.connect.
2019-07-11T21:59:04: (node:527) DeprecationWarning: collection.ensureIndex is deprecated. Use createIndexes instead.
2019-07-11T22:00:01: (node:539) DeprecationWarning: current URL string parser is deprecated, and will be removed in a future version. To use the new parser, pass option { useNewUrlParser: true } to MongoClient.connect.
2019-07-11T22:00:01: (node:539) DeprecationWarning: collection.ensureIndex is deprecated. Use createIndexes instead.
2019-07-11T22:02:36: (node:579) DeprecationWarning: current URL string parser is deprecated, and will be removed in a future version. To use the new parser, pass option { useNewUrlParser: true } to MongoClient.connect.
2019-07-11T22:02:36: (node:579) DeprecationWarning: collection.ensureIndex is deprecated. Use createIndexes instead.
2019-07-11T22:02:50: (node:591) DeprecationWarning: current URL string parser is deprecated, and will be removed in a future version. To use the new parser, pass option { useNewUrlParser: true } to MongoClient.connect.
2019-07-11T22:02:50: (node:591) DeprecationWarning: collection.ensureIndex is deprecated. Use createIndexes instead.
2019-07-11T22:04:10: (node:603) DeprecationWarning: current URL string parser is deprecated, and will be removed in a future version. To use the new parser, pass option { useNewUrlParser: true } to MongoClient.connect.
2019-07-11T22:04:10: (node:603) DeprecationWarning: collection.ensureIndex is deprecated. Use createIndexes instead.
2019-07-11T22:05:16: (node:623) DeprecationWarning: current URL string parser is deprecated, and will be removed in a future version. To use the new parser, pass option { useNewUrlParser: true } to MongoClient.connect.
2019-07-11T22:05:16: (node:623) DeprecationWarning: collection.ensureIndex is deprecated. Use createIndexes instead.
2019-07-11T22:06:17: TypeError: Router.use() requires a middleware function but got a undefined
2019-07-11T22:06:17:     at Function.use (/awesome-api/node_modules/express/lib/router/index.js:458:13)
2019-07-11T22:06:17:     at Function.<anonymous> (/awesome-api/node_modules/express/lib/application.js:220:21)
2019-07-11T22:06:17:     at Array.forEach (<anonymous>)
2019-07-11T22:06:17:     at Function.use (/awesome-api/node_modules/express/lib/application.js:217:7)
2019-07-11T22:06:17:     at App.setRoutes (webpack:///./src/index.ts?:29:22)
2019-07-11T22:06:17:     at new App (webpack:///./src/index.ts?:19:14)
2019-07-11T22:06:17:     at eval (webpack:///./src/index.ts?:39:64)
2019-07-11T22:06:17:     at Module../src/index.ts (/awesome-api/build/main.bundle.js:229:1)
2019-07-11T22:06:17:     at __webpack_require__ (/awesome-api/build/main.bundle.js:20:30)
2019-07-11T22:06:17:     at eval (webpack:///./src/bin/www.ts?:5:64)
2019-07-11T22:06:17:     at Module../src/bin/www.ts (/awesome-api/build/main.bundle.js:97:1)
2019-07-11T22:06:17:     at __webpack_require__ (/awesome-api/build/main.bundle.js:20:30)
2019-07-11T22:06:17:     at /awesome-api/build/main.bundle.js:84:18
2019-07-11T22:06:17:     at Object.<anonymous> (/awesome-api/build/main.bundle.js:87:10)
2019-07-11T22:06:17:     at Module._compile (internal/modules/cjs/loader.js:776:30)
2019-07-11T22:06:17:     at Object.Module._extensions..js (internal/modules/cjs/loader.js:787:10)
2019-07-11T22:06:26: TypeError: Router.use() requires a middleware function but got a undefined
2019-07-11T22:06:26:     at Function.use (/awesome-api/node_modules/express/lib/router/index.js:458:13)
2019-07-11T22:06:26:     at Function.<anonymous> (/awesome-api/node_modules/express/lib/application.js:220:21)
2019-07-11T22:06:26:     at Array.forEach (<anonymous>)
2019-07-11T22:06:26:     at Function.use (/awesome-api/node_modules/express/lib/application.js:217:7)
2019-07-11T22:06:26:     at App.setRoutes (webpack:///./src/index.ts?:29:22)
2019-07-11T22:06:26:     at new App (webpack:///./src/index.ts?:19:14)
2019-07-11T22:06:26:     at eval (webpack:///./src/index.ts?:39:64)
2019-07-11T22:06:26:     at Module../src/index.ts (/awesome-api/build/main.bundle.js:229:1)
2019-07-11T22:06:26:     at __webpack_require__ (/awesome-api/build/main.bundle.js:20:30)
2019-07-11T22:06:26:     at eval (webpack:///./src/bin/www.ts?:5:64)
2019-07-11T22:06:26:     at Module../src/bin/www.ts (/awesome-api/build/main.bundle.js:97:1)
2019-07-11T22:06:26:     at __webpack_require__ (/awesome-api/build/main.bundle.js:20:30)
2019-07-11T22:06:26:     at /awesome-api/build/main.bundle.js:84:18
2019-07-11T22:06:26:     at Object.<anonymous> (/awesome-api/build/main.bundle.js:87:10)
2019-07-11T22:06:26:     at Module._compile (internal/modules/cjs/loader.js:776:30)
2019-07-11T22:06:26:     at Object.Module._extensions..js (internal/modules/cjs/loader.js:787:10)
2019-07-11T22:06:43: (node:685) DeprecationWarning: current URL string parser is deprecated, and will be removed in a future version. To use the new parser, pass option { useNewUrlParser: true } to MongoClient.connect.
2019-07-11T22:06:43: (node:685) DeprecationWarning: collection.ensureIndex is deprecated. Use createIndexes instead.
2019-07-11T22:06:50: { email: 'commando@commando.com', password: 'passowrd' }
2019-07-11T22:07:26: (node:697) DeprecationWarning: current URL string parser is deprecated, and will be removed in a future version. To use the new parser, pass option { useNewUrlParser: true } to MongoClient.connect.
2019-07-11T22:07:26: (node:697) DeprecationWarning: collection.ensureIndex is deprecated. Use createIndexes instead.
2019-07-11T22:07:45: (node:709) DeprecationWarning: current URL string parser is deprecated, and will be removed in a future version. To use the new parser, pass option { useNewUrlParser: true } to MongoClient.connect.
2019-07-11T22:07:46: (node:709) DeprecationWarning: collection.ensureIndex is deprecated. Use createIndexes instead.
2019-07-11T22:08:30: (node:765) DeprecationWarning: current URL string parser is deprecated, and will be removed in a future version. To use the new parser, pass option { useNewUrlParser: true } to MongoClient.connect.
2019-07-11T22:08:30: (node:765) DeprecationWarning: collection.ensureIndex is deprecated. Use createIndexes instead.
2019-07-11T22:12:33: (node:801) DeprecationWarning: current URL string parser is deprecated, and will be removed in a future version. To use the new parser, pass option { useNewUrlParser: true } to MongoClient.connect.
2019-07-11T22:12:33: (node:801) DeprecationWarning: collection.ensureIndex is deprecated. Use createIndexes instead.
2019-07-11T22:13:00: (node:813) DeprecationWarning: current URL string parser is deprecated, and will be removed in a future version. To use the new parser, pass option { useNewUrlParser: true } to MongoClient.connect.
2019-07-11T22:13:00: (node:813) DeprecationWarning: collection.ensureIndex is deprecated. Use createIndexes instead.
2019-07-11T22:13:56: (node:825) DeprecationWarning: current URL string parser is deprecated, and will be removed in a future version. To use the new parser, pass option { useNewUrlParser: true } to MongoClient.connect.
2019-07-11T22:13:56: (node:825) DeprecationWarning: collection.ensureIndex is deprecated. Use createIndexes instead.
2019-07-11T22:14:39: (node:845) DeprecationWarning: current URL string parser is deprecated, and will be removed in a future version. To use the new parser, pass option { useNewUrlParser: true } to MongoClient.connect.
2019-07-11T22:14:39: (node:845) DeprecationWarning: collection.ensureIndex is deprecated. Use createIndexes instead.
